<?xml version="1.0" encoding="UTF-8"?>
<!-- Generated by org.testng.reporters.JUnitXMLReporter -->
<testsuite ignored="0" hostname="DESKTOP-J2Q457H" failures="0" tests="2" name="BankingApp Test" time="25.348" errors="0" timestamp="21 Sep 2021 11:39:30 GMT">
  <testcase classname="com.inetbanking.testCases.TC_LoginTest_001" name="loginTest" time="1.445"/>
  <testcase classname="com.inetbanking.testCases.TC_AddCustomerTest_003" name="addNewCustomer" time="15.473"/>
</testsuite> <!-- BankingApp Test -->
